<?xml version="1.0" encoding="UTF-8"?>
<!-- Generated by org.testng.reporters.JUnitXMLReporter -->
<testsuite hostname="epagedev" ignored="0" name="TVSXL verify product price" tests="33" failures="32" timestamp="09 Jun 2019 06:28:23 GMT" time="53.5" errors="0">
  <testcase name="test001" time="1.382" classname="com.testprice.TestPriceComfort">
    <failure type="java.lang.AssertionError" message="expected [.0] but found [30990.0]">
      <![CDATA[java.lang.AssertionError: expected [.0] but found [30990.0]
at com.testprice.TestPriceComfort.test001(TestPriceComfort.java:46)
... Removed 31 stack frames]]>
    </failure>
  </testcase> <!-- test001 -->
  <testcase name="test001" time="1.1" classname="com.testprice.TestPriceComfort">
    <failure type="java.lang.AssertionError" message="expected [.0] but found [30990.0]">
      <![CDATA[java.lang.AssertionError: expected [.0] but found [30990.0]
at com.testprice.TestPriceComfort.test001(TestPriceComfort.java:46)
... Removed 31 stack frames]]>
    </failure>
  </testcase> <!-- test001 -->
  <testcase name="test001" time="1.114" classname="com.testprice.TestPriceComfort">
    <failure type="java.lang.AssertionError" message="expected [.0] but found [31899.0]">
      <![CDATA[java.lang.AssertionError: expected [.0] but found [31899.0]
at com.testprice.TestPriceComfort.test001(TestPriceComfort.java:46)
... Removed 31 stack frames]]>
    </failure>
  </testcase> <!-- test001 -->
  <testcase name="test001" time="1.142" classname="com.testprice.TestPriceComfort">
    <failure type="java.lang.AssertionError" message="expected [.0] but found [33549.0]">
      <![CDATA[java.lang.AssertionError: expected [.0] but found [33549.0]
at com.testprice.TestPriceComfort.test001(TestPriceComfort.java:46)
... Removed 31 stack frames]]>
    </failure>
  </testcase> <!-- test001 -->
  <testcase name="test001" time="1.091" classname="com.testprice.TestPriceComfort">
    <failure type="java.lang.AssertionError" message="expected [.0] but found [30990.0]">
      <![CDATA[java.lang.AssertionError: expected [.0] but found [30990.0]
at com.testprice.TestPriceComfort.test001(TestPriceComfort.java:46)
... Removed 31 stack frames]]>
    </failure>
  </testcase> <!-- test001 -->
  <testcase name="test001" time="1.088" classname="com.testprice.TestPriceComfort">
    <failure type="java.lang.AssertionError" message="expected [.0] but found [29715.0]">
      <![CDATA[java.lang.AssertionError: expected [.0] but found [29715.0]
at com.testprice.TestPriceComfort.test001(TestPriceComfort.java:46)
... Removed 31 stack frames]]>
    </failure>
  </testcase> <!-- test001 -->
  <testcase name="test001" time="1.1" classname="com.testprice.TestPriceComfort">
    <failure type="java.lang.AssertionError" message="expected [.0] but found [31299.0]">
      <![CDATA[java.lang.AssertionError: expected [.0] but found [31299.0]
at com.testprice.TestPriceComfort.test001(TestPriceComfort.java:46)
... Removed 31 stack frames]]>
    </failure>
  </testcase> <!-- test001 -->
  <testcase name="test001" time="1.132" classname="com.testprice.TestPriceComfort">
    <failure type="java.lang.AssertionError" message="expected [.0] but found [31299.0]">
      <![CDATA[java.lang.AssertionError: expected [.0] but found [31299.0]
at com.testprice.TestPriceComfort.test001(TestPriceComfort.java:46)
... Removed 31 stack frames]]>
    </failure>
  </testcase> <!-- test001 -->
  <testcase name="test001" time="1.102" classname="com.testprice.TestPriceComfort">
    <failure type="java.lang.AssertionError" message="expected [.0] but found [29990.0]">
      <![CDATA[java.lang.AssertionError: expected [.0] but found [29990.0]
at com.testprice.TestPriceComfort.test001(TestPriceComfort.java:46)
... Removed 31 stack frames]]>
    </failure>
  </testcase> <!-- test001 -->
  <testcase name="test001" time="1.098" classname="com.testprice.TestPriceComfort">
    <failure type="java.lang.AssertionError" message="expected [.0] but found [29990.0]">
      <![CDATA[java.lang.AssertionError: expected [.0] but found [29990.0]
at com.testprice.TestPriceComfort.test001(TestPriceComfort.java:46)
... Removed 31 stack frames]]>
    </failure>
  </testcase> <!-- test001 -->
  <testcase name="test001" time="1.105" classname="com.testprice.TestPriceComfort">
    <failure type="java.lang.AssertionError" message="expected [.0] but found [29990.0]">
      <![CDATA[java.lang.AssertionError: expected [.0] but found [29990.0]
at com.testprice.TestPriceComfort.test001(TestPriceComfort.java:46)
... Removed 31 stack frames]]>
    </failure>
  </testcase> <!-- test001 -->
  <testcase name="test001" time="1.14" classname="com.testprice.TestPriceComfort">
    <failure type="java.lang.AssertionError" message="expected [.0] but found [29990.0]">
      <![CDATA[java.lang.AssertionError: expected [.0] but found [29990.0]
at com.testprice.TestPriceComfort.test001(TestPriceComfort.java:46)
... Removed 31 stack frames]]>
    </failure>
  </testcase> <!-- test001 -->
  <testcase name="test001" time="0.097" classname="com.testprice.TestPriceComfort"/>
  <testcase name="test001" time="1.13" classname="com.testprice.TestPriceComfort">
    <failure type="java.lang.AssertionError" message="expected [.0] but found [29990.0]">
      <![CDATA[java.lang.AssertionError: expected [.0] but found [29990.0]
at com.testprice.TestPriceComfort.test001(TestPriceComfort.java:46)
... Removed 31 stack frames]]>
    </failure>
  </testcase> <!-- test001 -->
  <testcase name="test001" time="1.137" classname="com.testprice.TestPriceComfort">
    <failure type="java.lang.AssertionError" message="expected [.0] but found [29990.0]">
      <![CDATA[java.lang.AssertionError: expected [.0] but found [29990.0]
at com.testprice.TestPriceComfort.test001(TestPriceComfort.java:46)
... Removed 31 stack frames]]>
    </failure>
  </testcase> <!-- test001 -->
  <testcase name="test001" time="1.096" classname="com.testprice.TestPriceComfort">
    <failure type="java.lang.AssertionError" message="expected [.0] but found [29990.0]">
      <![CDATA[java.lang.AssertionError: expected [.0] but found [29990.0]
at com.testprice.TestPriceComfort.test001(TestPriceComfort.java:46)
... Removed 31 stack frames]]>
    </failure>
  </testcase> <!-- test001 -->
  <testcase name="test001" time="1.114" classname="com.testprice.TestPriceComfort">
    <failure type="java.lang.AssertionError" message="expected [.0] but found [29990.0]">
      <![CDATA[java.lang.AssertionError: expected [.0] but found [29990.0]
at com.testprice.TestPriceComfort.test001(TestPriceComfort.java:46)
... Removed 30 stack frames]]>
    </failure>
  </testcase> <!-- test001 -->
  <testcase name="test001" time="2.199" classname="com.testprice.TestPriceComfort">
    <failure type="java.lang.AssertionError" message="expected [.0] but found [29990.0]">
      <![CDATA[java.lang.AssertionError: expected [.0] but found [29990.0]
at com.testprice.TestPriceComfort.test001(TestPriceComfort.java:46)
... Removed 30 stack frames]]>
    </failure>
  </testcase> <!-- test001 -->
  <testcase name="test001" time="1.113" classname="com.testprice.TestPriceComfort">
    <failure type="java.lang.AssertionError" message="expected [.0] but found [29990.0]">
      <![CDATA[java.lang.AssertionError: expected [.0] but found [29990.0]
at com.testprice.TestPriceComfort.test001(TestPriceComfort.java:46)
... Removed 30 stack frames]]>
    </failure>
  </testcase> <!-- test001 -->
  <testcase name="test001" time="1.142" classname="com.testprice.TestPriceComfort">
    <failure type="java.lang.AssertionError" message="expected [.0] but found [29990.0]">
      <![CDATA[java.lang.AssertionError: expected [.0] but found [29990.0]
at com.testprice.TestPriceComfort.test001(TestPriceComfort.java:46)
... Removed 30 stack frames]]>
    </failure>
  </testcase> <!-- test001 -->
  <testcase name="test001" time="1.116" classname="com.testprice.TestPriceComfort">
    <failure type="java.lang.AssertionError" message="expected [.0] but found [29990.0]">
      <![CDATA[java.lang.AssertionError: expected [.0] but found [29990.0]
at com.testprice.TestPriceComfort.test001(TestPriceComfort.java:46)
... Removed 30 stack frames]]>
    </failure>
  </testcase> <!-- test001 -->
  <testcase name="test001" time="1.155" classname="com.testprice.TestPriceComfort">
    <failure type="java.lang.AssertionError" message="expected [.0] but found [29990.0]">
      <![CDATA[java.lang.AssertionError: expected [.0] but found [29990.0]
at com.testprice.TestPriceComfort.test001(TestPriceComfort.java:46)
... Removed 30 stack frames]]>
    </failure>
  </testcase> <!-- test001 -->
  <testcase name="test001" time="2.141" classname="com.testprice.TestPriceComfort">
    <failure type="java.lang.AssertionError" message="expected [.0] but found [29990.0]">
      <![CDATA[java.lang.AssertionError: expected [.0] but found [29990.0]
at com.testprice.TestPriceComfort.test001(TestPriceComfort.java:46)
... Removed 30 stack frames]]>
    </failure>
  </testcase> <!-- test001 -->
  <testcase name="test001" time="1.087" classname="com.testprice.TestPriceComfort">
    <failure type="java.lang.AssertionError" message="expected [.0] but found [29990.0]">
      <![CDATA[java.lang.AssertionError: expected [.0] but found [29990.0]
at com.testprice.TestPriceComfort.test001(TestPriceComfort.java:46)
... Removed 30 stack frames]]>
    </failure>
  </testcase> <!-- test001 -->
  <testcase name="test001" time="1.124" classname="com.testprice.TestPriceComfort">
    <failure type="java.lang.AssertionError" message="expected [.0] but found [29990.0]">
      <![CDATA[java.lang.AssertionError: expected [.0] but found [29990.0]
at com.testprice.TestPriceComfort.test001(TestPriceComfort.java:46)
... Removed 30 stack frames]]>
    </failure>
  </testcase> <!-- test001 -->
  <testcase name="test001" time="1.127" classname="com.testprice.TestPriceComfort">
    <failure type="java.lang.AssertionError" message="expected [.0] but found [29990.0]">
      <![CDATA[java.lang.AssertionError: expected [.0] but found [29990.0]
at com.testprice.TestPriceComfort.test001(TestPriceComfort.java:46)
... Removed 30 stack frames]]>
    </failure>
  </testcase> <!-- test001 -->
  <testcase name="test001" time="1.132" classname="com.testprice.TestPriceComfort">
    <failure type="java.lang.AssertionError" message="expected [.0] but found [29990.0]">
      <![CDATA[java.lang.AssertionError: expected [.0] but found [29990.0]
at com.testprice.TestPriceComfort.test001(TestPriceComfort.java:46)
... Removed 30 stack frames]]>
    </failure>
  </testcase> <!-- test001 -->
  <testcase name="test001" time="1.138" classname="com.testprice.TestPriceComfort">
    <failure type="java.lang.AssertionError" message="expected [.0] but found [29990.0]">
      <![CDATA[java.lang.AssertionError: expected [.0] but found [29990.0]
at com.testprice.TestPriceComfort.test001(TestPriceComfort.java:46)
... Removed 30 stack frames]]>
    </failure>
  </testcase> <!-- test001 -->
  <testcase name="test001" time="1.143" classname="com.testprice.TestPriceComfort">
    <failure type="java.lang.AssertionError" message="expected [.0] but found [29990.0]">
      <![CDATA[java.lang.AssertionError: expected [.0] but found [29990.0]
at com.testprice.TestPriceComfort.test001(TestPriceComfort.java:46)
... Removed 30 stack frames]]>
    </failure>
  </testcase> <!-- test001 -->
  <testcase name="test001" time="2.236" classname="com.testprice.TestPriceComfort">
    <failure type="java.lang.AssertionError" message="expected [.0] but found [29990.0]">
      <![CDATA[java.lang.AssertionError: expected [.0] but found [29990.0]
at com.testprice.TestPriceComfort.test001(TestPriceComfort.java:46)
... Removed 30 stack frames]]>
    </failure>
  </testcase> <!-- test001 -->
  <testcase name="test001" time="1.106" classname="com.testprice.TestPriceComfort">
    <failure type="java.lang.AssertionError" message="expected [.0] but found [29990.0]">
      <![CDATA[java.lang.AssertionError: expected [.0] but found [29990.0]
at com.testprice.TestPriceComfort.test001(TestPriceComfort.java:46)
... Removed 30 stack frames]]>
    </failure>
  </testcase> <!-- test001 -->
  <testcase name="test001" time="1.1" classname="com.testprice.TestPriceComfort">
    <failure type="java.lang.AssertionError" message="expected [.0] but found [29990.0]">
      <![CDATA[java.lang.AssertionError: expected [.0] but found [29990.0]
at com.testprice.TestPriceComfort.test001(TestPriceComfort.java:46)
... Removed 30 stack frames]]>
    </failure>
  </testcase> <!-- test001 -->
  <testcase name="test001" time="1.114" classname="com.testprice.TestPriceComfort">
    <failure type="java.lang.AssertionError" message="expected [.0] but found [29990.0]">
      <![CDATA[java.lang.AssertionError: expected [.0] but found [29990.0]
at com.testprice.TestPriceComfort.test001(TestPriceComfort.java:46)
... Removed 30 stack frames]]>
    </failure>
  </testcase> <!-- test001 -->
</testsuite> <!-- TVSXL verify product price -->
