<?xml version="1.0" encoding="UTF-8"?>
<!-- Generated by org.testng.reporters.JUnitXMLReporter -->
<testsuite hostname="epagedev" ignored="0" name="TVSXL verify product price" tests="33" failures="2" timestamp="14 Jun 2019 10:08:54 GMT" time="130.237" errors="0">
  <testcase name="test001" time="0.363" classname="com.testprice.TestPriceComfort"/>
  <testcase name="test001" time="0.321" classname="com.testprice.TestPriceComfort"/>
  <testcase name="test001" time="0.342" classname="com.testprice.TestPriceComfort"/>
  <testcase name="test001" time="0.369" classname="com.testprice.TestPriceComfort"/>
  <testcase name="test001" time="0.69" classname="com.testprice.TestPriceComfort"/>
  <testcase name="test001" time="0.352" classname="com.testprice.TestPriceComfort"/>
  <testcase name="test001" time="0.336" classname="com.testprice.TestPriceComfort"/>
  <testcase name="test001" time="0.325" classname="com.testprice.TestPriceComfort"/>
  <testcase name="test001" time="0.304" classname="com.testprice.TestPriceComfort"/>
  <testcase name="test001" time="50.073" classname="com.testprice.TestPriceComfort">
    <failure type="java.lang.AssertionError" message="expected [.0] but found [29990.0]">
      <![CDATA[java.lang.AssertionError: expected [.0] but found [29990.0]
at com.testprice.TestPriceComfort.test001(TestPriceComfort.java:47)
... Removed 31 stack frames]]>
    </failure>
  </testcase> <!-- test001 -->
  <testcase name="test001" time="0.37" classname="com.testprice.TestPriceComfort"/>
  <testcase name="test001" time="0.309" classname="com.testprice.TestPriceComfort"/>
  <testcase name="test001" time="0.377" classname="com.testprice.TestPriceComfort"/>
  <testcase name="test001" time="0.31" classname="com.testprice.TestPriceComfort"/>
  <testcase name="test001" time="0.396" classname="com.testprice.TestPriceComfort"/>
  <testcase name="test001" time="50.069" classname="com.testprice.TestPriceComfort">
    <failure type="java.lang.AssertionError" message="expected [.0] but found [29990.0]">
      <![CDATA[java.lang.AssertionError: expected [.0] but found [29990.0]
at com.testprice.TestPriceComfort.test001(TestPriceComfort.java:47)
... Removed 31 stack frames]]>
    </failure>
  </testcase> <!-- test001 -->
  <testcase name="test001" time="0.36" classname="com.testprice.TestPriceComfort"/>
  <testcase name="test001" time="0.299" classname="com.testprice.TestPriceComfort"/>
  <testcase name="test001" time="0.684" classname="com.testprice.TestPriceComfort"/>
  <testcase name="test001" time="0.329" classname="com.testprice.TestPriceComfort"/>
  <testcase name="test001" time="0.329" classname="com.testprice.TestPriceComfort"/>
  <testcase name="test001" time="0.365" classname="com.testprice.TestPriceComfort"/>
  <testcase name="test001" time="0.315" classname="com.testprice.TestPriceComfort"/>
  <testcase name="test001" time="0.305" classname="com.testprice.TestPriceComfort"/>
  <testcase name="test001" time="0.274" classname="com.testprice.TestPriceComfort"/>
  <testcase name="test001" time="0.327" classname="com.testprice.TestPriceComfort"/>
  <testcase name="test001" time="0.311" classname="com.testprice.TestPriceComfort"/>
  <testcase name="test001" time="0.327" classname="com.testprice.TestPriceComfort"/>
  <testcase name="test001" time="0.32" classname="com.testprice.TestPriceComfort"/>
  <testcase name="test001" time="0.331" classname="com.testprice.TestPriceComfort"/>
  <testcase name="test001" time="0.338" classname="com.testprice.TestPriceComfort"/>
  <testcase name="test001" time="0.607" classname="com.testprice.TestPriceComfort"/>
  <testcase name="test001" time="0.792" classname="com.testprice.TestPriceComfort"/>
</testsuite> <!-- TVSXL verify product price -->
