<?xml version="1.0" encoding="UTF-8"?>
<!-- Generated by org.testng.reporters.JUnitXMLReporter -->
<testsuite hostname="epagedev" ignored="0" name="TVSXL verify product price" tests="3" failures="3" timestamp="10 Jun 2019 04:32:39 GMT" time="160.87" errors="0">
  <testcase name="test001" time="51.674" classname="com.testprice.TestPriceComfort">
    <failure type="java.lang.AssertionError" message="expected [.0] but found [30990.0]">
      <![CDATA[java.lang.AssertionError: expected [.0] but found [30990.0]
at com.testprice.TestPriceComfort.test001(TestPriceComfort.java:45)
... Removed 31 stack frames]]>
    </failure>
  </testcase> <!-- test001 -->
  <testcase name="test001" time="50.07" classname="com.testprice.TestPriceComfort">
    <failure type="java.lang.AssertionError" message="expected [.0] but found [30990.0]">
      <![CDATA[java.lang.AssertionError: expected [.0] but found [30990.0]
at com.testprice.TestPriceComfort.test001(TestPriceComfort.java:45)
... Removed 31 stack frames]]>
    </failure>
  </testcase> <!-- test001 -->
  <testcase name="test001" time="50.119" classname="com.testprice.TestPriceComfort">
    <failure type="java.lang.AssertionError" message="expected [.0] but found [31899.0]">
      <![CDATA[java.lang.AssertionError: expected [.0] but found [31899.0]
at com.testprice.TestPriceComfort.test001(TestPriceComfort.java:45)
... Removed 31 stack frames]]>
    </failure>
  </testcase> <!-- test001 -->
</testsuite> <!-- TVSXL verify product price -->
