<?xml version="1.0" encoding="UTF-8"?>
<testng-results skipped="0" failed="2" ignored="0" total="33" passed="31">
  <reporter-output>
  </reporter-output>
  <suite name="Check TVS pricelist" duration-ms="110270" started-at="2019-06-13T01:04:20Z" finished-at="2019-06-13T01:06:11Z">
    <groups>
    </groups>
    <test name="TVSXL verify product price" duration-ms="110270" started-at="2019-06-13T01:04:20Z" finished-at="2019-06-13T01:06:11Z">
      <class name="com.testprice.TestPriceComfort">
        <test-method status="PASS" signature="browsersetup()[pri:0, instance:com.testprice.TestPriceComfort@4667ae56]" name="browsersetup" is-config="true" duration-ms="18249" started-at="2019-06-13T01:04:20Z" finished-at="2019-06-13T01:04:39Z">
          <reporter-output>
          </reporter-output>
        </test-method> <!-- browsersetup -->
        <test-method status="PASS" signature="test001(java.lang.String, java.lang.String, int)[pri:0, instance:com.testprice.TestPriceComfort@4667ae56]" name="test001" duration-ms="965" started-at="2019-06-13T01:04:39Z" data-provider="testdata" finished-at="2019-06-13T01:04:40Z">
          <params>
            <param index="0">
              <value>
                <![CDATA[Tamil Nadu]]>
              </value>
            </param>
            <param index="1">
              <value>
                <![CDATA[30990.0]]>
              </value>
            </param>
            <param index="2">
              <value>
                <![CDATA[2]]>
              </value>
            </param>
          </params>
          <reporter-output>
          </reporter-output>
        </test-method> <!-- test001 -->
        <test-method status="PASS" signature="test001(java.lang.String, java.lang.String, int)[pri:0, instance:com.testprice.TestPriceComfort@4667ae56]" name="test001" duration-ms="942" started-at="2019-06-13T01:04:40Z" data-provider="testdata" finished-at="2019-06-13T01:04:41Z">
          <params>
            <param index="0">
              <value>
                <![CDATA[Karnataka]]>
              </value>
            </param>
            <param index="1">
              <value>
                <![CDATA[30990.0]]>
              </value>
            </param>
            <param index="2">
              <value>
                <![CDATA[3]]>
              </value>
            </param>
          </params>
          <reporter-output>
          </reporter-output>
        </test-method> <!-- test001 -->
        <test-method status="PASS" signature="test001(java.lang.String, java.lang.String, int)[pri:0, instance:com.testprice.TestPriceComfort@4667ae56]" name="test001" duration-ms="838" started-at="2019-06-13T01:04:41Z" data-provider="testdata" finished-at="2019-06-13T01:04:42Z">
          <params>
            <param index="0">
              <value>
                <![CDATA[Goa]]>
              </value>
            </param>
            <param index="1">
              <value>
                <![CDATA[31899.0]]>
              </value>
            </param>
            <param index="2">
              <value>
                <![CDATA[4]]>
              </value>
            </param>
          </params>
          <reporter-output>
          </reporter-output>
        </test-method> <!-- test001 -->
        <test-method status="PASS" signature="test001(java.lang.String, java.lang.String, int)[pri:0, instance:com.testprice.TestPriceComfort@4667ae56]" name="test001" duration-ms="1048" started-at="2019-06-13T01:04:42Z" data-provider="testdata" finished-at="2019-06-13T01:04:43Z">
          <params>
            <param index="0">
              <value>
                <![CDATA[Kerala]]>
              </value>
            </param>
            <param index="1">
              <value>
                <![CDATA[33549.0]]>
              </value>
            </param>
            <param index="2">
              <value>
                <![CDATA[5]]>
              </value>
            </param>
          </params>
          <reporter-output>
          </reporter-output>
        </test-method> <!-- test001 -->
        <test-method status="PASS" signature="test001(java.lang.String, java.lang.String, int)[pri:0, instance:com.testprice.TestPriceComfort@4667ae56]" name="test001" duration-ms="1047" started-at="2019-06-13T01:04:43Z" data-provider="testdata" finished-at="2019-06-13T01:04:44Z">
          <params>
            <param index="0">
              <value>
                <![CDATA[Pondicherry]]>
              </value>
            </param>
            <param index="1">
              <value>
                <![CDATA[30990.0]]>
              </value>
            </param>
            <param index="2">
              <value>
                <![CDATA[6]]>
              </value>
            </param>
          </params>
          <reporter-output>
          </reporter-output>
        </test-method> <!-- test001 -->
        <test-method status="PASS" signature="test001(java.lang.String, java.lang.String, int)[pri:0, instance:com.testprice.TestPriceComfort@4667ae56]" name="test001" duration-ms="865" started-at="2019-06-13T01:04:44Z" data-provider="testdata" finished-at="2019-06-13T01:04:45Z">
          <params>
            <param index="0">
              <value>
                <![CDATA[Andaman Nicobar]]>
              </value>
            </param>
            <param index="1">
              <value>
                <![CDATA[29715.0]]>
              </value>
            </param>
            <param index="2">
              <value>
                <![CDATA[7]]>
              </value>
            </param>
          </params>
          <reporter-output>
          </reporter-output>
        </test-method> <!-- test001 -->
        <test-method status="PASS" signature="test001(java.lang.String, java.lang.String, int)[pri:0, instance:com.testprice.TestPriceComfort@4667ae56]" name="test001" duration-ms="1073" started-at="2019-06-13T01:04:45Z" data-provider="testdata" finished-at="2019-06-13T01:04:46Z">
          <params>
            <param index="0">
              <value>
                <![CDATA[Andhra Pradesh]]>
              </value>
            </param>
            <param index="1">
              <value>
                <![CDATA[31299.0]]>
              </value>
            </param>
            <param index="2">
              <value>
                <![CDATA[8]]>
              </value>
            </param>
          </params>
          <reporter-output>
          </reporter-output>
        </test-method> <!-- test001 -->
        <test-method status="PASS" signature="test001(java.lang.String, java.lang.String, int)[pri:0, instance:com.testprice.TestPriceComfort@4667ae56]" name="test001" duration-ms="988" started-at="2019-06-13T01:04:46Z" data-provider="testdata" finished-at="2019-06-13T01:04:47Z">
          <params>
            <param index="0">
              <value>
                <![CDATA[Telangana]]>
              </value>
            </param>
            <param index="1">
              <value>
                <![CDATA[31299.0]]>
              </value>
            </param>
            <param index="2">
              <value>
                <![CDATA[9]]>
              </value>
            </param>
          </params>
          <reporter-output>
          </reporter-output>
        </test-method> <!-- test001 -->
        <test-method status="PASS" signature="test001(java.lang.String, java.lang.String, int)[pri:0, instance:com.testprice.TestPriceComfort@4667ae56]" name="test001" duration-ms="1039" started-at="2019-06-13T01:04:47Z" data-provider="testdata" finished-at="2019-06-13T01:04:48Z">
          <params>
            <param index="0">
              <value>
                <![CDATA[Gujarat]]>
              </value>
            </param>
            <param index="1">
              <value>
                <![CDATA[29990.0]]>
              </value>
            </param>
            <param index="2">
              <value>
                <![CDATA[10]]>
              </value>
            </param>
          </params>
          <reporter-output>
          </reporter-output>
        </test-method> <!-- test001 -->
        <test-method status="FAIL" signature="test001(java.lang.String, java.lang.String, int)[pri:0, instance:com.testprice.TestPriceComfort@4667ae56]" name="test001" duration-ms="30578" started-at="2019-06-13T01:04:48Z" data-provider="testdata" finished-at="2019-06-13T01:05:19Z">
          <params>
            <param index="0">
              <value>
                <![CDATA[Silvasa]]>
              </value>
            </param>
            <param index="1">
              <value>
                <![CDATA[29990.0]]>
              </value>
            </param>
            <param index="2">
              <value>
                <![CDATA[11]]>
              </value>
            </param>
          </params>
          <exception class="java.lang.AssertionError">
            <message>
              <![CDATA[expected [.0] but found [29990.0]]]>
            </message>
            <full-stacktrace>
              <![CDATA[java.lang.AssertionError: expected [.0] but found [29990.0]
at org.testng.Assert.fail(Assert.java:96)
at org.testng.Assert.failNotEquals(Assert.java:776)
at org.testng.Assert.assertEqualsImpl(Assert.java:137)
at org.testng.Assert.assertEquals(Assert.java:118)
at org.testng.Assert.assertEquals(Assert.java:453)
at org.testng.Assert.assertEquals(Assert.java:463)
at com.testprice.TestPriceComfort.test001(TestPriceComfort.java:45)
at sun.reflect.NativeMethodAccessorImpl.invoke0(Native Method)
at sun.reflect.NativeMethodAccessorImpl.invoke(NativeMethodAccessorImpl.java:62)
at sun.reflect.DelegatingMethodAccessorImpl.invoke(DelegatingMethodAccessorImpl.java:43)
at java.lang.reflect.Method.invoke(Method.java:498)
at org.testng.internal.MethodInvocationHelper.invokeMethod(MethodInvocationHelper.java:124)
at org.testng.internal.Invoker.invokeMethod(Invoker.java:583)
at org.testng.internal.Invoker.invokeTestMethod(Invoker.java:719)
at org.testng.internal.Invoker.invokeTestMethods(Invoker.java:989)
at org.testng.internal.TestMethodWorker.invokeTestMethods(TestMethodWorker.java:125)
at org.testng.internal.TestMethodWorker.run(TestMethodWorker.java:109)
at org.testng.TestRunner.privateRun(TestRunner.java:648)
at org.testng.TestRunner.run(TestRunner.java:505)
at org.testng.SuiteRunner.runTest(SuiteRunner.java:455)
at org.testng.SuiteRunner.runSequentially(SuiteRunner.java:450)
at org.testng.SuiteRunner.privateRun(SuiteRunner.java:415)
at org.testng.SuiteRunner.run(SuiteRunner.java:364)
at org.testng.SuiteRunnerWorker.runSuite(SuiteRunnerWorker.java:52)
at org.testng.SuiteRunnerWorker.run(SuiteRunnerWorker.java:84)
at org.testng.TestNG.runSuitesSequentially(TestNG.java:1208)
at org.testng.TestNG.runSuitesLocally(TestNG.java:1137)
at org.testng.TestNG.runSuites(TestNG.java:1049)
at org.testng.TestNG.run(TestNG.java:1017)
at org.testng.remote.AbstractRemoteTestNG.run(AbstractRemoteTestNG.java:115)
at org.testng.remote.RemoteTestNG.initAndRun(RemoteTestNG.java:251)
at org.testng.remote.RemoteTestNG.main(RemoteTestNG.java:77)
]]>
            </full-stacktrace>
          </exception> <!-- java.lang.AssertionError -->
          <reporter-output>
          </reporter-output>
        </test-method> <!-- test001 -->
        <test-method status="PASS" signature="test001(java.lang.String, java.lang.String, int)[pri:0, instance:com.testprice.TestPriceComfort@4667ae56]" name="test001" duration-ms="912" started-at="2019-06-13T01:05:19Z" data-provider="testdata" finished-at="2019-06-13T01:05:20Z">
          <params>
            <param index="0">
              <value>
                <![CDATA[Maharashtra]]>
              </value>
            </param>
            <param index="1">
              <value>
                <![CDATA[29990.0]]>
              </value>
            </param>
            <param index="2">
              <value>
                <![CDATA[12]]>
              </value>
            </param>
          </params>
          <reporter-output>
          </reporter-output>
        </test-method> <!-- test001 -->
        <test-method status="PASS" signature="test001(java.lang.String, java.lang.String, int)[pri:0, instance:com.testprice.TestPriceComfort@4667ae56]" name="test001" duration-ms="816" started-at="2019-06-13T01:05:20Z" data-provider="testdata" finished-at="2019-06-13T01:05:21Z">
          <params>
            <param index="0">
              <value>
                <![CDATA[Rajasthan]]>
              </value>
            </param>
            <param index="1">
              <value>
                <![CDATA[29990.0]]>
              </value>
            </param>
            <param index="2">
              <value>
                <![CDATA[13]]>
              </value>
            </param>
          </params>
          <reporter-output>
          </reporter-output>
        </test-method> <!-- test001 -->
        <test-method status="PASS" signature="test001(java.lang.String, java.lang.String, int)[pri:0, instance:com.testprice.TestPriceComfort@4667ae56]" name="test001" duration-ms="984" started-at="2019-06-13T01:05:21Z" data-provider="testdata" finished-at="2019-06-13T01:05:22Z">
          <params>
            <param index="0">
              <value>
                <![CDATA[Delhi]]>
              </value>
            </param>
            <param index="1">
              <value>
                <![CDATA[29990.0]]>
              </value>
            </param>
            <param index="2">
              <value>
                <![CDATA[14]]>
              </value>
            </param>
          </params>
          <reporter-output>
          </reporter-output>
        </test-method> <!-- test001 -->
        <test-method status="PASS" signature="test001(java.lang.String, java.lang.String, int)[pri:0, instance:com.testprice.TestPriceComfort@4667ae56]" name="test001" duration-ms="765" started-at="2019-06-13T01:05:22Z" data-provider="testdata" finished-at="2019-06-13T01:05:23Z">
          <params>
            <param index="0">
              <value>
                <![CDATA[Haryana]]>
              </value>
            </param>
            <param index="1">
              <value>
                <![CDATA[29990.0]]>
              </value>
            </param>
            <param index="2">
              <value>
                <![CDATA[15]]>
              </value>
            </param>
          </params>
          <reporter-output>
          </reporter-output>
        </test-method> <!-- test001 -->
        <test-method status="PASS" signature="test001(java.lang.String, java.lang.String, int)[pri:0, instance:com.testprice.TestPriceComfort@4667ae56]" name="test001" duration-ms="1089" started-at="2019-06-13T01:05:23Z" data-provider="testdata" finished-at="2019-06-13T01:05:24Z">
          <params>
            <param index="0">
              <value>
                <![CDATA[Uttar Pradesh]]>
              </value>
            </param>
            <param index="1">
              <value>
                <![CDATA[29990.0]]>
              </value>
            </param>
            <param index="2">
              <value>
                <![CDATA[16]]>
              </value>
            </param>
          </params>
          <reporter-output>
          </reporter-output>
        </test-method> <!-- test001 -->
        <test-method status="FAIL" signature="test001(java.lang.String, java.lang.String, int)[pri:0, instance:com.testprice.TestPriceComfort@4667ae56]" name="test001" duration-ms="30058" started-at="2019-06-13T01:05:24Z" data-provider="testdata" finished-at="2019-06-13T01:05:54Z">
          <params>
            <param index="0">
              <value>
                <![CDATA[Uttarkhand]]>
              </value>
            </param>
            <param index="1">
              <value>
                <![CDATA[29990.0]]>
              </value>
            </param>
            <param index="2">
              <value>
                <![CDATA[17]]>
              </value>
            </param>
          </params>
          <exception class="java.lang.AssertionError">
            <message>
              <![CDATA[expected [.0] but found [29990.0]]]>
            </message>
            <full-stacktrace>
              <![CDATA[java.lang.AssertionError: expected [.0] but found [29990.0]
at org.testng.Assert.fail(Assert.java:96)
at org.testng.Assert.failNotEquals(Assert.java:776)
at org.testng.Assert.assertEqualsImpl(Assert.java:137)
at org.testng.Assert.assertEquals(Assert.java:118)
at org.testng.Assert.assertEquals(Assert.java:453)
at org.testng.Assert.assertEquals(Assert.java:463)
at com.testprice.TestPriceComfort.test001(TestPriceComfort.java:45)
at sun.reflect.NativeMethodAccessorImpl.invoke0(Native Method)
at sun.reflect.NativeMethodAccessorImpl.invoke(NativeMethodAccessorImpl.java:62)
at sun.reflect.DelegatingMethodAccessorImpl.invoke(DelegatingMethodAccessorImpl.java:43)
at java.lang.reflect.Method.invoke(Method.java:498)
at org.testng.internal.MethodInvocationHelper.invokeMethod(MethodInvocationHelper.java:124)
at org.testng.internal.Invoker.invokeMethod(Invoker.java:583)
at org.testng.internal.Invoker.invokeTestMethod(Invoker.java:719)
at org.testng.internal.Invoker.invokeTestMethods(Invoker.java:989)
at org.testng.internal.TestMethodWorker.invokeTestMethods(TestMethodWorker.java:125)
at org.testng.internal.TestMethodWorker.run(TestMethodWorker.java:109)
at org.testng.TestRunner.privateRun(TestRunner.java:648)
at org.testng.TestRunner.run(TestRunner.java:505)
at org.testng.SuiteRunner.runTest(SuiteRunner.java:455)
at org.testng.SuiteRunner.runSequentially(SuiteRunner.java:450)
at org.testng.SuiteRunner.privateRun(SuiteRunner.java:415)
at org.testng.SuiteRunner.run(SuiteRunner.java:364)
at org.testng.SuiteRunnerWorker.runSuite(SuiteRunnerWorker.java:52)
at org.testng.SuiteRunnerWorker.run(SuiteRunnerWorker.java:84)
at org.testng.TestNG.runSuitesSequentially(TestNG.java:1208)
at org.testng.TestNG.runSuitesLocally(TestNG.java:1137)
at org.testng.TestNG.runSuites(TestNG.java:1049)
at org.testng.TestNG.run(TestNG.java:1017)
at org.testng.remote.AbstractRemoteTestNG.run(AbstractRemoteTestNG.java:115)
at org.testng.remote.RemoteTestNG.initAndRun(RemoteTestNG.java:251)
at org.testng.remote.RemoteTestNG.main(RemoteTestNG.java:77)
]]>
            </full-stacktrace>
          </exception> <!-- java.lang.AssertionError -->
          <reporter-output>
          </reporter-output>
        </test-method> <!-- test001 -->
        <test-method status="PASS" signature="test001(java.lang.String, java.lang.String, int)[pri:0, instance:com.testprice.TestPriceComfort@4667ae56]" name="test001" duration-ms="1085" started-at="2019-06-13T01:05:54Z" data-provider="testdata" finished-at="2019-06-13T01:05:55Z">
          <params>
            <param index="0">
              <value>
                <![CDATA[Punjab]]>
              </value>
            </param>
            <param index="1">
              <value>
                <![CDATA[29990.0]]>
              </value>
            </param>
            <param index="2">
              <value>
                <![CDATA[18]]>
              </value>
            </param>
          </params>
          <reporter-output>
          </reporter-output>
        </test-method> <!-- test001 -->
        <test-method status="PASS" signature="test001(java.lang.String, java.lang.String, int)[pri:0, instance:com.testprice.TestPriceComfort@4667ae56]" name="test001" duration-ms="1168" started-at="2019-06-13T01:05:55Z" data-provider="testdata" finished-at="2019-06-13T01:05:56Z">
          <params>
            <param index="0">
              <value>
                <![CDATA[Jammu & Kashmir]]>
              </value>
            </param>
            <param index="1">
              <value>
                <![CDATA[29990.0]]>
              </value>
            </param>
            <param index="2">
              <value>
                <![CDATA[19]]>
              </value>
            </param>
          </params>
          <reporter-output>
          </reporter-output>
        </test-method> <!-- test001 -->
        <test-method status="PASS" signature="test001(java.lang.String, java.lang.String, int)[pri:0, instance:com.testprice.TestPriceComfort@4667ae56]" name="test001" duration-ms="977" started-at="2019-06-13T01:05:56Z" data-provider="testdata" finished-at="2019-06-13T01:05:57Z">
          <params>
            <param index="0">
              <value>
                <![CDATA[Chandigarh]]>
              </value>
            </param>
            <param index="1">
              <value>
                <![CDATA[29990.0]]>
              </value>
            </param>
            <param index="2">
              <value>
                <![CDATA[20]]>
              </value>
            </param>
          </params>
          <reporter-output>
          </reporter-output>
        </test-method> <!-- test001 -->
        <test-method status="PASS" signature="test001(java.lang.String, java.lang.String, int)[pri:0, instance:com.testprice.TestPriceComfort@4667ae56]" name="test001" duration-ms="988" started-at="2019-06-13T01:05:57Z" data-provider="testdata" finished-at="2019-06-13T01:05:58Z">
          <params>
            <param index="0">
              <value>
                <![CDATA[Himachal Pradesh]]>
              </value>
            </param>
            <param index="1">
              <value>
                <![CDATA[29990.0]]>
              </value>
            </param>
            <param index="2">
              <value>
                <![CDATA[21]]>
              </value>
            </param>
          </params>
          <reporter-output>
          </reporter-output>
        </test-method> <!-- test001 -->
        <test-method status="PASS" signature="test001(java.lang.String, java.lang.String, int)[pri:0, instance:com.testprice.TestPriceComfort@4667ae56]" name="test001" duration-ms="896" started-at="2019-06-13T01:05:58Z" data-provider="testdata" finished-at="2019-06-13T01:05:59Z">
          <params>
            <param index="0">
              <value>
                <![CDATA[Chattisgarh]]>
              </value>
            </param>
            <param index="1">
              <value>
                <![CDATA[29990.0]]>
              </value>
            </param>
            <param index="2">
              <value>
                <![CDATA[22]]>
              </value>
            </param>
          </params>
          <reporter-output>
          </reporter-output>
        </test-method> <!-- test001 -->
        <test-method status="PASS" signature="test001(java.lang.String, java.lang.String, int)[pri:0, instance:com.testprice.TestPriceComfort@4667ae56]" name="test001" duration-ms="896" started-at="2019-06-13T01:05:59Z" data-provider="testdata" finished-at="2019-06-13T01:06:00Z">
          <params>
            <param index="0">
              <value>
                <![CDATA[Madhya Pradesh]]>
              </value>
            </param>
            <param index="1">
              <value>
                <![CDATA[29990.0]]>
              </value>
            </param>
            <param index="2">
              <value>
                <![CDATA[23]]>
              </value>
            </param>
          </params>
          <reporter-output>
          </reporter-output>
        </test-method> <!-- test001 -->
        <test-method status="PASS" signature="test001(java.lang.String, java.lang.String, int)[pri:0, instance:com.testprice.TestPriceComfort@4667ae56]" name="test001" duration-ms="893" started-at="2019-06-13T01:06:00Z" data-provider="testdata" finished-at="2019-06-13T01:06:01Z">
          <params>
            <param index="0">
              <value>
                <![CDATA[West Bengal]]>
              </value>
            </param>
            <param index="1">
              <value>
                <![CDATA[29990.0]]>
              </value>
            </param>
            <param index="2">
              <value>
                <![CDATA[24]]>
              </value>
            </param>
          </params>
          <reporter-output>
          </reporter-output>
        </test-method> <!-- test001 -->
        <test-method status="PASS" signature="test001(java.lang.String, java.lang.String, int)[pri:0, instance:com.testprice.TestPriceComfort@4667ae56]" name="test001" duration-ms="1005" started-at="2019-06-13T01:06:01Z" data-provider="testdata" finished-at="2019-06-13T01:06:02Z">
          <params>
            <param index="0">
              <value>
                <![CDATA[Bihar]]>
              </value>
            </param>
            <param index="1">
              <value>
                <![CDATA[29990.0]]>
              </value>
            </param>
            <param index="2">
              <value>
                <![CDATA[25]]>
              </value>
            </param>
          </params>
          <reporter-output>
          </reporter-output>
        </test-method> <!-- test001 -->
        <test-method status="PASS" signature="test001(java.lang.String, java.lang.String, int)[pri:0, instance:com.testprice.TestPriceComfort@4667ae56]" name="test001" duration-ms="983" started-at="2019-06-13T01:06:02Z" data-provider="testdata" finished-at="2019-06-13T01:06:03Z">
          <params>
            <param index="0">
              <value>
                <![CDATA[Jharkhand]]>
              </value>
            </param>
            <param index="1">
              <value>
                <![CDATA[29990.0]]>
              </value>
            </param>
            <param index="2">
              <value>
                <![CDATA[26]]>
              </value>
            </param>
          </params>
          <reporter-output>
          </reporter-output>
        </test-method> <!-- test001 -->
        <test-method status="PASS" signature="test001(java.lang.String, java.lang.String, int)[pri:0, instance:com.testprice.TestPriceComfort@4667ae56]" name="test001" duration-ms="995" started-at="2019-06-13T01:06:03Z" data-provider="testdata" finished-at="2019-06-13T01:06:04Z">
          <params>
            <param index="0">
              <value>
                <![CDATA[Odisha]]>
              </value>
            </param>
            <param index="1">
              <value>
                <![CDATA[29990.0]]>
              </value>
            </param>
            <param index="2">
              <value>
                <![CDATA[27]]>
              </value>
            </param>
          </params>
          <reporter-output>
          </reporter-output>
        </test-method> <!-- test001 -->
        <test-method status="PASS" signature="test001(java.lang.String, java.lang.String, int)[pri:0, instance:com.testprice.TestPriceComfort@4667ae56]" name="test001" duration-ms="866" started-at="2019-06-13T01:06:04Z" data-provider="testdata" finished-at="2019-06-13T01:06:05Z">
          <params>
            <param index="0">
              <value>
                <![CDATA[Assam]]>
              </value>
            </param>
            <param index="1">
              <value>
                <![CDATA[29990.0]]>
              </value>
            </param>
            <param index="2">
              <value>
                <![CDATA[28]]>
              </value>
            </param>
          </params>
          <reporter-output>
          </reporter-output>
        </test-method> <!-- test001 -->
        <test-method status="PASS" signature="test001(java.lang.String, java.lang.String, int)[pri:0, instance:com.testprice.TestPriceComfort@4667ae56]" name="test001" duration-ms="1018" started-at="2019-06-13T01:06:05Z" data-provider="testdata" finished-at="2019-06-13T01:06:06Z">
          <params>
            <param index="0">
              <value>
                <![CDATA[Mizoram]]>
              </value>
            </param>
            <param index="1">
              <value>
                <![CDATA[29990.0]]>
              </value>
            </param>
            <param index="2">
              <value>
                <![CDATA[29]]>
              </value>
            </param>
          </params>
          <reporter-output>
          </reporter-output>
        </test-method> <!-- test001 -->
        <test-method status="PASS" signature="test001(java.lang.String, java.lang.String, int)[pri:0, instance:com.testprice.TestPriceComfort@4667ae56]" name="test001" duration-ms="980" started-at="2019-06-13T01:06:06Z" data-provider="testdata" finished-at="2019-06-13T01:06:07Z">
          <params>
            <param index="0">
              <value>
                <![CDATA[Tripura]]>
              </value>
            </param>
            <param index="1">
              <value>
                <![CDATA[29990.0]]>
              </value>
            </param>
            <param index="2">
              <value>
                <![CDATA[30]]>
              </value>
            </param>
          </params>
          <reporter-output>
          </reporter-output>
        </test-method> <!-- test001 -->
        <test-method status="PASS" signature="test001(java.lang.String, java.lang.String, int)[pri:0, instance:com.testprice.TestPriceComfort@4667ae56]" name="test001" duration-ms="721" started-at="2019-06-13T01:06:07Z" data-provider="testdata" finished-at="2019-06-13T01:06:08Z">
          <params>
            <param index="0">
              <value>
                <![CDATA[Arunachal Pradesh]]>
              </value>
            </param>
            <param index="1">
              <value>
                <![CDATA[29990.0]]>
              </value>
            </param>
            <param index="2">
              <value>
                <![CDATA[31]]>
              </value>
            </param>
          </params>
          <reporter-output>
          </reporter-output>
        </test-method> <!-- test001 -->
        <test-method status="PASS" signature="test001(java.lang.String, java.lang.String, int)[pri:0, instance:com.testprice.TestPriceComfort@4667ae56]" name="test001" duration-ms="884" started-at="2019-06-13T01:06:08Z" data-provider="testdata" finished-at="2019-06-13T01:06:09Z">
          <params>
            <param index="0">
              <value>
                <![CDATA[Nagaland]]>
              </value>
            </param>
            <param index="1">
              <value>
                <![CDATA[29990.0]]>
              </value>
            </param>
            <param index="2">
              <value>
                <![CDATA[32]]>
              </value>
            </param>
          </params>
          <reporter-output>
          </reporter-output>
        </test-method> <!-- test001 -->
        <test-method status="PASS" signature="test001(java.lang.String, java.lang.String, int)[pri:0, instance:com.testprice.TestPriceComfort@4667ae56]" name="test001" duration-ms="794" started-at="2019-06-13T01:06:09Z" data-provider="testdata" finished-at="2019-06-13T01:06:09Z">
          <params>
            <param index="0">
              <value>
                <![CDATA[Manipur]]>
              </value>
            </param>
            <param index="1">
              <value>
                <![CDATA[29990.0]]>
              </value>
            </param>
            <param index="2">
              <value>
                <![CDATA[33]]>
              </value>
            </param>
          </params>
          <reporter-output>
          </reporter-output>
        </test-method> <!-- test001 -->
        <test-method status="PASS" signature="test001(java.lang.String, java.lang.String, int)[pri:0, instance:com.testprice.TestPriceComfort@4667ae56]" name="test001" duration-ms="934" started-at="2019-06-13T01:06:09Z" data-provider="testdata" finished-at="2019-06-13T01:06:10Z">
          <params>
            <param index="0">
              <value>
                <![CDATA[Meghalaya]]>
              </value>
            </param>
            <param index="1">
              <value>
                <![CDATA[29990.0]]>
              </value>
            </param>
            <param index="2">
              <value>
                <![CDATA[34]]>
              </value>
            </param>
          </params>
          <reporter-output>
          </reporter-output>
        </test-method> <!-- test001 -->
        <test-method status="PASS" signature="teardown()[pri:0, instance:com.testprice.TestPriceComfort@4667ae56]" name="teardown" is-config="true" duration-ms="72" started-at="2019-06-13T01:06:10Z" finished-at="2019-06-13T01:06:11Z">
          <reporter-output>
          </reporter-output>
        </test-method> <!-- teardown -->
      </class> <!-- com.testprice.TestPriceComfort -->
    </test> <!-- TVSXL verify product price -->
  </suite> <!-- Check TVS pricelist -->
</testng-results>
